2021/04/10 15:26:02 Error: Error opening web browser.
Error: Exited with code 3

Manually visit https://fierce-gorge-43883.herokuapp.com/ in your browser.
    at /usr/local/lib/heroku/node_modules/heroku-cli-util/lib/open.js:12:16
    at ChildProcess.<anonymous> (/usr/local/lib/heroku/node_modules/opn/index.js:86:5)
    at Object.onceWrapper (events.js:417:26)
    at ChildProcess.emit (events.js:310:20)
    at maybeClose (internal/child_process.js:1021:16)
    at Process.ChildProcess._handle.onexit (internal/child_process.js:286:5)
2021/04/10 17:50:51 Error: Error opening web browser.
Error: Exited with code 3

Manually visit https://fierce-gorge-43883.herokuapp.com/ in your browser.
    at /usr/local/lib/heroku/node_modules/heroku-cli-util/lib/open.js:12:16
    at ChildProcess.<anonymous> (/usr/local/lib/heroku/node_modules/opn/index.js:86:5)
    at Object.onceWrapper (events.js:417:26)
    at ChildProcess.emit (events.js:310:20)
    at maybeClose (internal/child_process.js:1021:16)
    at Process.ChildProcess._handle.onexit (internal/child_process.js:286:5)
2021/04/11 01:06:45 Error: Error opening web browser.
Error: Exited with code 3

Manually visit https://fierce-gorge-43883.herokuapp.com/ in your browser.
    at /usr/local/lib/heroku/node_modules/heroku-cli-util/lib/open.js:12:16
    at ChildProcess.<anonymous> (/usr/local/lib/heroku/node_modules/opn/index.js:86:5)
    at Object.onceWrapper (events.js:417:26)
    at ChildProcess.emit (events.js:310:20)
    at maybeClose (internal/child_process.js:1021:16)
    at Process.ChildProcess._handle.onexit (internal/child_process.js:286:5)
